{"C:\\Users\\anton\\OneDrive\\Documentos\\projetos\\API-reservas\\src\\app.js": {"path":"C:\\Users\\anton\\OneDrive\\Documentos\\projetos\\API-reservas\\src\\app.js","statementMap":{"0":{"start":{"line":4,"column":12},"end":{"line":4,"column":21}},"1":{"start":{"line":5,"column":0},"end":{"line":5,"column":24}},"2":{"start":{"line":6,"column":0},"end":{"line":6,"column":12}}},"fnMap":{},"branchMap":{},"s":{"0":3,"1":3,"2":3},"f":{},"b":{},"inputSourceMap":null,"_coverageSchema":"1a1c01bbd47fc00a2c39e90264f33305004495a9","hash":"901c0279dfd764d9b573d37fd1a7a21e0ec90c57"}
,"C:\\Users\\anton\\OneDrive\\Documentos\\projetos\\API-reservas\\src\\controllers\\reservationsController.js": {"path":"C:\\Users\\anton\\OneDrive\\Documentos\\projetos\\API-reservas\\src\\controllers\\reservationsController.js","statementMap":{"0":{"start":{"line":4,"column":30},"end":{"line":12,"column":5}},"1":{"start":{"line":5,"column":8},"end":{"line":11,"column":9}},"2":{"start":{"line":6,"column":33},"end":{"line":6,"column":77}},"3":{"start":{"line":8,"column":12},"end":{"line":8,"column":47}},"4":{"start":{"line":10,"column":12},"end":{"line":10,"column":48}},"5":{"start":{"line":14,"column":33},"end":{"line":27,"column":5}},"6":{"start":{"line":15,"column":8},"end":{"line":26,"column":9}},"7":{"start":{"line":16,"column":23},"end":{"line":16,"column":46}},"8":{"start":{"line":17,"column":32},"end":{"line":17,"column":81}},"9":{"start":{"line":19,"column":12},"end":{"line":19,"column":46}},"10":{"start":{"line":21,"column":12},"end":{"line":25,"column":13}},"11":{"start":{"line":22,"column":16},"end":{"line":22,"column":52}},"12":{"start":{"line":24,"column":16},"end":{"line":24,"column":52}}},"fnMap":{"0":{"name":"(anonymous_0)","decl":{"start":{"line":4,"column":30},"end":{"line":4,"column":31}},"loc":{"start":{"line":4,"column":50},"end":{"line":12,"column":5}},"line":4},"1":{"name":"(anonymous_1)","decl":{"start":{"line":14,"column":33},"end":{"line":14,"column":34}},"loc":{"start":{"line":14,"column":53},"end":{"line":27,"column":5}},"line":14}},"branchMap":{"0":{"loc":{"start":{"line":21,"column":12},"end":{"line":25,"column":13}},"type":"if","locations":[{"start":{"line":21,"column":12},"end":{"line":25,"column":13}},{"start":{"line":23,"column":19},"end":{"line":25,"column":13}}],"line":21}},"s":{"0":3,"1":2,"2":2,"3":1,"4":1,"5":3,"6":4,"7":4,"8":4,"9":1,"10":3,"11":2,"12":1},"f":{"0":2,"1":4},"b":{"0":[2,1]},"inputSourceMap":null,"_coverageSchema":"1a1c01bbd47fc00a2c39e90264f33305004495a9","hash":"0afff3ac01c8208b00a17a80bb38a9297f2db8db"}
,"C:\\Users\\anton\\OneDrive\\Documentos\\projetos\\API-reservas\\src\\controllers\\tablesController.js": {"path":"C:\\Users\\anton\\OneDrive\\Documentos\\projetos\\API-reservas\\src\\controllers\\tablesController.js","statementMap":{"0":{"start":{"line":4,"column":24},"end":{"line":12,"column":5}},"1":{"start":{"line":5,"column":8},"end":{"line":11,"column":9}},"2":{"start":{"line":6,"column":27},"end":{"line":6,"column":59}},"3":{"start":{"line":8,"column":12},"end":{"line":8,"column":41}},"4":{"start":{"line":10,"column":12},"end":{"line":10,"column":48}},"5":{"start":{"line":14,"column":28},"end":{"line":27,"column":5}},"6":{"start":{"line":15,"column":8},"end":{"line":26,"column":9}},"7":{"start":{"line":16,"column":23},"end":{"line":16,"column":46}},"8":{"start":{"line":17,"column":27},"end":{"line":17,"column":65}},"9":{"start":{"line":19,"column":12},"end":{"line":19,"column":41}},"10":{"start":{"line":21,"column":12},"end":{"line":25,"column":13}},"11":{"start":{"line":22,"column":16},"end":{"line":22,"column":52}},"12":{"start":{"line":24,"column":16},"end":{"line":24,"column":52}},"13":{"start":{"line":29,"column":25},"end":{"line":44,"column":5}},"14":{"start":{"line":30,"column":8},"end":{"line":43,"column":9}},"15":{"start":{"line":31,"column":29},"end":{"line":31,"column":32}},"16":{"start":{"line":32,"column":38},"end":{"line":32,"column":42}},"17":{"start":{"line":34,"column":27},"end":{"line":34,"column":77}},"18":{"start":{"line":36,"column":12},"end":{"line":36,"column":41}},"19":{"start":{"line":38,"column":12},"end":{"line":42,"column":13}},"20":{"start":{"line":39,"column":16},"end":{"line":39,"column":52}},"21":{"start":{"line":41,"column":16},"end":{"line":41,"column":52}},"22":{"start":{"line":46,"column":25},"end":{"line":59,"column":5}},"23":{"start":{"line":47,"column":8},"end":{"line":58,"column":9}},"24":{"start":{"line":48,"column":23},"end":{"line":48,"column":46}},"25":{"start":{"line":49,"column":27},"end":{"line":49,"column":62}},"26":{"start":{"line":51,"column":12},"end":{"line":51,"column":41}},"27":{"start":{"line":53,"column":12},"end":{"line":57,"column":13}},"28":{"start":{"line":54,"column":16},"end":{"line":54,"column":52}},"29":{"start":{"line":56,"column":16},"end":{"line":56,"column":52}},"30":{"start":{"line":61,"column":25},"end":{"line":74,"column":5}},"31":{"start":{"line":62,"column":8},"end":{"line":73,"column":9}},"32":{"start":{"line":63,"column":23},"end":{"line":63,"column":46}},"33":{"start":{"line":64,"column":27},"end":{"line":64,"column":62}},"34":{"start":{"line":66,"column":12},"end":{"line":66,"column":41}},"35":{"start":{"line":68,"column":12},"end":{"line":72,"column":13}},"36":{"start":{"line":69,"column":16},"end":{"line":69,"column":52}},"37":{"start":{"line":71,"column":16},"end":{"line":71,"column":52}}},"fnMap":{"0":{"name":"(anonymous_0)","decl":{"start":{"line":4,"column":24},"end":{"line":4,"column":25}},"loc":{"start":{"line":4,"column":42},"end":{"line":12,"column":5}},"line":4},"1":{"name":"(anonymous_1)","decl":{"start":{"line":14,"column":28},"end":{"line":14,"column":29}},"loc":{"start":{"line":14,"column":48},"end":{"line":27,"column":5}},"line":14},"2":{"name":"(anonymous_2)","decl":{"start":{"line":29,"column":25},"end":{"line":29,"column":26}},"loc":{"start":{"line":29,"column":45},"end":{"line":44,"column":5}},"line":29},"3":{"name":"(anonymous_3)","decl":{"start":{"line":46,"column":25},"end":{"line":46,"column":26}},"loc":{"start":{"line":46,"column":45},"end":{"line":59,"column":5}},"line":46},"4":{"name":"(anonymous_4)","decl":{"start":{"line":61,"column":25},"end":{"line":61,"column":26}},"loc":{"start":{"line":61,"column":45},"end":{"line":74,"column":5}},"line":61}},"branchMap":{"0":{"loc":{"start":{"line":21,"column":12},"end":{"line":25,"column":13}},"type":"if","locations":[{"start":{"line":21,"column":12},"end":{"line":25,"column":13}},{"start":{"line":23,"column":19},"end":{"line":25,"column":13}}],"line":21},"1":{"loc":{"start":{"line":38,"column":12},"end":{"line":42,"column":13}},"type":"if","locations":[{"start":{"line":38,"column":12},"end":{"line":42,"column":13}},{"start":{"line":40,"column":19},"end":{"line":42,"column":13}}],"line":38},"2":{"loc":{"start":{"line":38,"column":16},"end":{"line":38,"column":157}},"type":"binary-expr","locations":[{"start":{"line":38,"column":16},"end":{"line":38,"column":66}},{"start":{"line":38,"column":70},"end":{"line":38,"column":121}},{"start":{"line":38,"column":125},"end":{"line":38,"column":157}}],"line":38},"3":{"loc":{"start":{"line":53,"column":12},"end":{"line":57,"column":13}},"type":"if","locations":[{"start":{"line":53,"column":12},"end":{"line":57,"column":13}},{"start":{"line":55,"column":19},"end":{"line":57,"column":13}}],"line":53},"4":{"loc":{"start":{"line":68,"column":12},"end":{"line":72,"column":13}},"type":"if","locations":[{"start":{"line":68,"column":12},"end":{"line":72,"column":13}},{"start":{"line":70,"column":19},"end":{"line":72,"column":13}}],"line":68}},"s":{"0":3,"1":2,"2":2,"3":1,"4":1,"5":3,"6":4,"7":4,"8":4,"9":1,"10":3,"11":2,"12":1,"13":3,"14":6,"15":6,"16":6,"17":6,"18":1,"19":5,"20":4,"21":1,"22":3,"23":3,"24":3,"25":3,"26":1,"27":2,"28":1,"29":1,"30":3,"31":3,"32":3,"33":3,"34":1,"35":2,"36":1,"37":1},"f":{"0":2,"1":4,"2":6,"3":3,"4":3},"b":{"0":[2,1],"1":[4,1],"2":[5,4,3],"3":[1,1],"4":[1,1]},"inputSourceMap":null,"_coverageSchema":"1a1c01bbd47fc00a2c39e90264f33305004495a9","hash":"7de57727429924214bce643627e060f1c80e4b6d"}
,"C:\\Users\\anton\\OneDrive\\Documentos\\projetos\\API-reservas\\src\\db\\dbConfig.js": {"path":"C:\\Users\\anton\\OneDrive\\Documentos\\projetos\\API-reservas\\src\\db\\dbConfig.js","statementMap":{"0":{"start":{"line":5,"column":19},"end":{"line":5,"column":49}},"1":{"start":{"line":6,"column":18},"end":{"line":6,"column":42}},"2":{"start":{"line":8,"column":11},"end":{"line":14,"column":2}}},"fnMap":{},"branchMap":{},"s":{"0":7,"1":7,"2":7},"f":{},"b":{},"inputSourceMap":null,"_coverageSchema":"1a1c01bbd47fc00a2c39e90264f33305004495a9","hash":"a87dce1ac19f28f227da5858beea62292a54360d"}
,"C:\\Users\\anton\\OneDrive\\Documentos\\projetos\\API-reservas\\src\\models\\reservation.js": {"path":"C:\\Users\\anton\\OneDrive\\Documentos\\projetos\\API-reservas\\src\\models\\reservation.js","statementMap":{"0":{"start":{"line":5,"column":8},"end":{"line":5,"column":33}},"1":{"start":{"line":6,"column":8},"end":{"line":6,"column":43}},"2":{"start":{"line":7,"column":8},"end":{"line":7,"column":35}},"3":{"start":{"line":11,"column":8},"end":{"line":11,"column":57}},"4":{"start":{"line":15,"column":28},"end":{"line":15,"column":83}},"5":{"start":{"line":16,"column":8},"end":{"line":16,"column":30}}},"fnMap":{"0":{"name":"(anonymous_0)","decl":{"start":{"line":4,"column":4},"end":{"line":4,"column":5}},"loc":{"start":{"line":4,"column":54},"end":{"line":8,"column":5}},"line":4},"1":{"name":"(anonymous_1)","decl":{"start":{"line":10,"column":4},"end":{"line":10,"column":5}},"loc":{"start":{"line":10,"column":35},"end":{"line":12,"column":5}},"line":10},"2":{"name":"(anonymous_2)","decl":{"start":{"line":14,"column":4},"end":{"line":14,"column":5}},"loc":{"start":{"line":14,"column":40},"end":{"line":17,"column":5}},"line":14}},"branchMap":{},"s":{"0":1,"1":1,"2":1,"3":1,"4":2,"5":2},"f":{"0":1,"1":1,"2":2},"b":{},"inputSourceMap":null,"_coverageSchema":"1a1c01bbd47fc00a2c39e90264f33305004495a9","hash":"b82aa7e87a45dfb5bec5321bcf8aefb7d7b5ecea"}
,"C:\\Users\\anton\\OneDrive\\Documentos\\projetos\\API-reservas\\src\\models\\table.js": {"path":"C:\\Users\\anton\\OneDrive\\Documentos\\projetos\\API-reservas\\src\\models\\table.js","statementMap":{"0":{"start":{"line":5,"column":8},"end":{"line":5,"column":27}},"1":{"start":{"line":6,"column":8},"end":{"line":6,"column":29}},"2":{"start":{"line":10,"column":8},"end":{"line":10,"column":51}},"3":{"start":{"line":14,"column":26},"end":{"line":14,"column":75}},"4":{"start":{"line":15,"column":8},"end":{"line":15,"column":21}},"5":{"start":{"line":19,"column":34},"end":{"line":19,"column":38}},"6":{"start":{"line":20,"column":28},"end":{"line":20,"column":72}},"7":{"start":{"line":21,"column":26},"end":{"line":21,"column":84}},"8":{"start":{"line":22,"column":8},"end":{"line":22,"column":21}},"9":{"start":{"line":26,"column":26},"end":{"line":26,"column":75}},"10":{"start":{"line":27,"column":8},"end":{"line":29,"column":25}},"11":{"start":{"line":30,"column":28},"end":{"line":30,"column":77}},"12":{"start":{"line":31,"column":8},"end":{"line":31,"column":23}},"13":{"start":{"line":35,"column":28},"end":{"line":35,"column":77}},"14":{"start":{"line":36,"column":8},"end":{"line":38,"column":19}},"15":{"start":{"line":39,"column":8},"end":{"line":39,"column":23}}},"fnMap":{"0":{"name":"(anonymous_0)","decl":{"start":{"line":4,"column":4},"end":{"line":4,"column":5}},"loc":{"start":{"line":4,"column":35},"end":{"line":7,"column":5}},"line":4},"1":{"name":"(anonymous_1)","decl":{"start":{"line":9,"column":4},"end":{"line":9,"column":5}},"loc":{"start":{"line":9,"column":29},"end":{"line":11,"column":5}},"line":9},"2":{"name":"(anonymous_2)","decl":{"start":{"line":13,"column":4},"end":{"line":13,"column":5}},"loc":{"start":{"line":13,"column":34},"end":{"line":16,"column":5}},"line":13},"3":{"name":"(anonymous_3)","decl":{"start":{"line":18,"column":4},"end":{"line":18,"column":5}},"loc":{"start":{"line":18,"column":22},"end":{"line":23,"column":5}},"line":18},"4":{"name":"(anonymous_4)","decl":{"start":{"line":25,"column":4},"end":{"line":25,"column":5}},"loc":{"start":{"line":25,"column":32},"end":{"line":32,"column":5}},"line":25},"5":{"name":"(anonymous_5)","decl":{"start":{"line":34,"column":4},"end":{"line":34,"column":5}},"loc":{"start":{"line":34,"column":33},"end":{"line":40,"column":5}},"line":34}},"branchMap":{},"s":{"0":4,"1":4,"2":1,"3":2,"4":2,"5":3,"6":3,"7":3,"8":3,"9":3,"10":3,"11":3,"12":3,"13":3,"14":3,"15":3},"f":{"0":4,"1":1,"2":2,"3":3,"4":3,"5":3},"b":{},"inputSourceMap":null,"_coverageSchema":"1a1c01bbd47fc00a2c39e90264f33305004495a9","hash":"4fbc5db0e7481115fe73b778d552027a28cf4eb1"}
,"C:\\Users\\anton\\OneDrive\\Documentos\\projetos\\API-reservas\\src\\routes\\index.js": {"path":"C:\\Users\\anton\\OneDrive\\Documentos\\projetos\\API-reservas\\src\\routes\\index.js","statementMap":{"0":{"start":{"line":5,"column":15},"end":{"line":15,"column":1}},"1":{"start":{"line":6,"column":4},"end":{"line":8,"column":7}},"2":{"start":{"line":7,"column":8},"end":{"line":7,"column":67}},"3":{"start":{"line":10,"column":4},"end":{"line":14,"column":5}}},"fnMap":{"0":{"name":"(anonymous_0)","decl":{"start":{"line":5,"column":15},"end":{"line":5,"column":16}},"loc":{"start":{"line":5,"column":24},"end":{"line":15,"column":1}},"line":5},"1":{"name":"(anonymous_1)","decl":{"start":{"line":6,"column":23},"end":{"line":6,"column":24}},"loc":{"start":{"line":6,"column":35},"end":{"line":8,"column":5}},"line":6}},"branchMap":{},"s":{"0":3,"1":3,"2":1,"3":3},"f":{"0":3,"1":1},"b":{},"inputSourceMap":null,"_coverageSchema":"1a1c01bbd47fc00a2c39e90264f33305004495a9","hash":"667afecd735f49df1a12dcff91714829bfa26d73"}
,"C:\\Users\\anton\\OneDrive\\Documentos\\projetos\\API-reservas\\src\\routes\\reservationsRoutes.js": {"path":"C:\\Users\\anton\\OneDrive\\Documentos\\projetos\\API-reservas\\src\\routes\\reservationsRoutes.js","statementMap":{"0":{"start":{"line":4,"column":15},"end":{"line":4,"column":31}},"1":{"start":{"line":6,"column":0},"end":{"line":8,"column":74}}},"fnMap":{},"branchMap":{},"s":{"0":3,"1":3},"f":{},"b":{},"inputSourceMap":null,"_coverageSchema":"1a1c01bbd47fc00a2c39e90264f33305004495a9","hash":"5aaccbb941be1accdcedec011ceae77194d6f7f4"}
,"C:\\Users\\anton\\OneDrive\\Documentos\\projetos\\API-reservas\\src\\routes\\tablesRoutes.js": {"path":"C:\\Users\\anton\\OneDrive\\Documentos\\projetos\\API-reservas\\src\\routes\\tablesRoutes.js","statementMap":{"0":{"start":{"line":4,"column":15},"end":{"line":4,"column":31}},"1":{"start":{"line":6,"column":0},"end":{"line":11,"column":57}}},"fnMap":{},"branchMap":{},"s":{"0":3,"1":3},"f":{},"b":{},"inputSourceMap":null,"_coverageSchema":"1a1c01bbd47fc00a2c39e90264f33305004495a9","hash":"1512997f34f8af9f20711ba331f1d0c8832a9079"}
,"C:\\Users\\anton\\OneDrive\\Documentos\\projetos\\API-reservas\\src\\services\\reservationsService.js": {"path":"C:\\Users\\anton\\OneDrive\\Documentos\\projetos\\API-reservas\\src\\services\\reservationsService.js","statementMap":{"0":{"start":{"line":5,"column":8},"end":{"line":10,"column":9}},"1":{"start":{"line":6,"column":33},"end":{"line":6,"column":68}},"2":{"start":{"line":7,"column":12},"end":{"line":7,"column":31}},"3":{"start":{"line":9,"column":12},"end":{"line":9,"column":43}},"4":{"start":{"line":14,"column":8},"end":{"line":23,"column":9}},"5":{"start":{"line":15,"column":12},"end":{"line":17,"column":13}},"6":{"start":{"line":16,"column":16},"end":{"line":16,"column":70}},"7":{"start":{"line":19,"column":32},"end":{"line":19,"column":72}},"8":{"start":{"line":20,"column":12},"end":{"line":20,"column":31}},"9":{"start":{"line":22,"column":12},"end":{"line":22,"column":43}}},"fnMap":{"0":{"name":"(anonymous_0)","decl":{"start":{"line":4,"column":4},"end":{"line":4,"column":5}},"loc":{"start":{"line":4,"column":36},"end":{"line":11,"column":5}},"line":4},"1":{"name":"(anonymous_1)","decl":{"start":{"line":13,"column":4},"end":{"line":13,"column":5}},"loc":{"start":{"line":13,"column":41},"end":{"line":24,"column":5}},"line":13}},"branchMap":{"0":{"loc":{"start":{"line":15,"column":12},"end":{"line":17,"column":13}},"type":"if","locations":[{"start":{"line":15,"column":12},"end":{"line":17,"column":13}},{"start":{},"end":{}}],"line":15}},"s":{"0":3,"1":3,"2":1,"3":2,"4":5,"5":5,"6":3,"7":2,"8":1,"9":4},"f":{"0":3,"1":5},"b":{"0":[3,2]},"inputSourceMap":null,"_coverageSchema":"1a1c01bbd47fc00a2c39e90264f33305004495a9","hash":"8fc41211613237d113201520b22c56614a8dfac2"}
,"C:\\Users\\anton\\OneDrive\\Documentos\\projetos\\API-reservas\\src\\services\\tablesService.js": {"path":"C:\\Users\\anton\\OneDrive\\Documentos\\projetos\\API-reservas\\src\\services\\tablesService.js","statementMap":{"0":{"start":{"line":5,"column":8},"end":{"line":10,"column":9}},"1":{"start":{"line":6,"column":27},"end":{"line":6,"column":50}},"2":{"start":{"line":7,"column":12},"end":{"line":7,"column":26}},"3":{"start":{"line":9,"column":12},"end":{"line":9,"column":43}},"4":{"start":{"line":14,"column":8},"end":{"line":23,"column":9}},"5":{"start":{"line":15,"column":12},"end":{"line":17,"column":13}},"6":{"start":{"line":16,"column":16},"end":{"line":16,"column":70}},"7":{"start":{"line":19,"column":26},"end":{"line":19,"column":54}},"8":{"start":{"line":20,"column":12},"end":{"line":20,"column":25}},"9":{"start":{"line":22,"column":12},"end":{"line":22,"column":43}},"10":{"start":{"line":27,"column":8},"end":{"line":42,"column":9}},"11":{"start":{"line":28,"column":12},"end":{"line":34,"column":13}},"12":{"start":{"line":29,"column":16},"end":{"line":29,"column":66}},"13":{"start":{"line":30,"column":19},"end":{"line":34,"column":13}},"14":{"start":{"line":31,"column":16},"end":{"line":31,"column":67}},"15":{"start":{"line":32,"column":19},"end":{"line":34,"column":13}},"16":{"start":{"line":33,"column":16},"end":{"line":33,"column":48}},"17":{"start":{"line":36,"column":26},"end":{"line":36,"column":41}},"18":{"start":{"line":37,"column":29},"end":{"line":37,"column":52}},"19":{"start":{"line":39,"column":12},"end":{"line":39,"column":65}},"20":{"start":{"line":41,"column":12},"end":{"line":41,"column":43}},"21":{"start":{"line":46,"column":8},"end":{"line":56,"column":9}},"22":{"start":{"line":47,"column":12},"end":{"line":49,"column":13}},"23":{"start":{"line":48,"column":16},"end":{"line":48,"column":70}},"24":{"start":{"line":51,"column":29},"end":{"line":51,"column":55}},"25":{"start":{"line":53,"column":12},"end":{"line":53,"column":65}},"26":{"start":{"line":55,"column":12},"end":{"line":55,"column":43}},"27":{"start":{"line":60,"column":8},"end":{"line":70,"column":9}},"28":{"start":{"line":61,"column":12},"end":{"line":63,"column":13}},"29":{"start":{"line":62,"column":16},"end":{"line":62,"column":70}},"30":{"start":{"line":65,"column":29},"end":{"line":65,"column":56}},"31":{"start":{"line":67,"column":12},"end":{"line":67,"column":65}},"32":{"start":{"line":69,"column":12},"end":{"line":69,"column":43}}},"fnMap":{"0":{"name":"(anonymous_0)","decl":{"start":{"line":4,"column":4},"end":{"line":4,"column":5}},"loc":{"start":{"line":4,"column":30},"end":{"line":11,"column":5}},"line":4},"1":{"name":"(anonymous_1)","decl":{"start":{"line":13,"column":4},"end":{"line":13,"column":5}},"loc":{"start":{"line":13,"column":36},"end":{"line":24,"column":5}},"line":13},"2":{"name":"(anonymous_2)","decl":{"start":{"line":26,"column":4},"end":{"line":26,"column":5}},"loc":{"start":{"line":26,"column":35},"end":{"line":43,"column":5}},"line":26},"3":{"name":"(anonymous_3)","decl":{"start":{"line":45,"column":4},"end":{"line":45,"column":5}},"loc":{"start":{"line":45,"column":33},"end":{"line":57,"column":5}},"line":45},"4":{"name":"(anonymous_4)","decl":{"start":{"line":59,"column":4},"end":{"line":59,"column":5}},"loc":{"start":{"line":59,"column":33},"end":{"line":71,"column":5}},"line":59}},"branchMap":{"0":{"loc":{"start":{"line":15,"column":12},"end":{"line":17,"column":13}},"type":"if","locations":[{"start":{"line":15,"column":12},"end":{"line":17,"column":13}},{"start":{},"end":{}}],"line":15},"1":{"loc":{"start":{"line":28,"column":12},"end":{"line":34,"column":13}},"type":"if","locations":[{"start":{"line":28,"column":12},"end":{"line":34,"column":13}},{"start":{"line":30,"column":19},"end":{"line":34,"column":13}}],"line":28},"2":{"loc":{"start":{"line":30,"column":19},"end":{"line":34,"column":13}},"type":"if","locations":[{"start":{"line":30,"column":19},"end":{"line":34,"column":13}},{"start":{"line":32,"column":19},"end":{"line":34,"column":13}}],"line":30},"3":{"loc":{"start":{"line":32,"column":19},"end":{"line":34,"column":13}},"type":"if","locations":[{"start":{"line":32,"column":19},"end":{"line":34,"column":13}},{"start":{},"end":{}}],"line":32},"4":{"loc":{"start":{"line":32,"column":23},"end":{"line":32,"column":89}},"type":"binary-expr","locations":[{"start":{"line":32,"column":23},"end":{"line":32,"column":53}},{"start":{"line":32,"column":57},"end":{"line":32,"column":89}}],"line":32},"5":{"loc":{"start":{"line":47,"column":12},"end":{"line":49,"column":13}},"type":"if","locations":[{"start":{"line":47,"column":12},"end":{"line":49,"column":13}},{"start":{},"end":{}}],"line":47},"6":{"loc":{"start":{"line":61,"column":12},"end":{"line":63,"column":13}},"type":"if","locations":[{"start":{"line":61,"column":12},"end":{"line":63,"column":13}},{"start":{},"end":{}}],"line":61}},"s":{"0":3,"1":3,"2":1,"3":2,"4":5,"5":5,"6":3,"7":2,"8":1,"9":4,"10":11,"11":11,"12":2,"13":9,"14":2,"15":7,"16":4,"17":3,"18":3,"19":2,"20":9,"21":6,"22":6,"23":2,"24":4,"25":2,"26":4,"27":6,"28":6,"29":2,"30":4,"31":2,"32":4},"f":{"0":3,"1":5,"2":11,"3":6,"4":6},"b":{"0":[3,2],"1":[2,9],"2":[2,7],"3":[4,3],"4":[7,5],"5":[2,4],"6":[2,4]},"inputSourceMap":null,"_coverageSchema":"1a1c01bbd47fc00a2c39e90264f33305004495a9","hash":"7eeeaec9de47c0feeccccc65692c308e0d0004ba"}
}
