TN:
SF:src\app.js
FNF:0
FNH:0
DA:4,3
DA:5,3
DA:6,3
LF:3
LH:3
BRF:0
BRH:0
end_of_record
TN:
SF:src\controllers\reservationsController.js
FN:4,(anonymous_0)
FN:14,(anonymous_1)
FNF:2
FNH:2
FNDA:2,(anonymous_0)
FNDA:4,(anonymous_1)
DA:4,3
DA:5,2
DA:6,2
DA:8,1
DA:10,1
DA:14,3
DA:15,4
DA:16,4
DA:17,4
DA:19,1
DA:21,3
DA:22,2
DA:24,1
LF:13
LH:13
BRDA:21,0,0,2
BRDA:21,0,1,1
BRF:2
BRH:2
end_of_record
TN:
SF:src\controllers\tablesController.js
FN:4,(anonymous_0)
FN:14,(anonymous_1)
FN:29,(anonymous_2)
FN:46,(anonymous_3)
FN:61,(anonymous_4)
FNF:5
FNH:5
FNDA:2,(anonymous_0)
FNDA:4,(anonymous_1)
FNDA:6,(anonymous_2)
FNDA:3,(anonymous_3)
FNDA:3,(anonymous_4)
DA:4,3
DA:5,2
DA:6,2
DA:8,1
DA:10,1
DA:14,3
DA:15,4
DA:16,4
DA:17,4
DA:19,1
DA:21,3
DA:22,2
DA:24,1
DA:29,3
DA:30,6
DA:31,6
DA:32,6
DA:34,6
DA:36,1
DA:38,5
DA:39,4
DA:41,1
DA:46,3
DA:47,3
DA:48,3
DA:49,3
DA:51,1
DA:53,2
DA:54,1
DA:56,1
DA:61,3
DA:62,3
DA:63,3
DA:64,3
DA:66,1
DA:68,2
DA:69,1
DA:71,1
LF:38
LH:38
BRDA:21,0,0,2
BRDA:21,0,1,1
BRDA:38,1,0,4
BRDA:38,1,1,1
BRDA:38,2,0,5
BRDA:38,2,1,4
BRDA:38,2,2,3
BRDA:53,3,0,1
BRDA:53,3,1,1
BRDA:68,4,0,1
BRDA:68,4,1,1
BRF:11
BRH:11
end_of_record
TN:
SF:src\db\dbConfig.js
FNF:0
FNH:0
DA:5,7
DA:6,7
DA:8,7
LF:3
LH:3
BRF:0
BRH:0
end_of_record
TN:
SF:src\models\reservation.js
FN:4,(anonymous_0)
FN:10,(anonymous_1)
FN:14,(anonymous_2)
FNF:3
FNH:3
FNDA:1,(anonymous_0)
FNDA:1,(anonymous_1)
FNDA:2,(anonymous_2)
DA:5,1
DA:6,1
DA:7,1
DA:11,1
DA:15,2
DA:16,2
LF:6
LH:6
BRF:0
BRH:0
end_of_record
TN:
SF:src\models\table.js
FN:4,(anonymous_0)
FN:9,(anonymous_1)
FN:13,(anonymous_2)
FN:18,(anonymous_3)
FN:25,(anonymous_4)
FN:34,(anonymous_5)
FNF:6
FNH:6
FNDA:4,(anonymous_0)
FNDA:1,(anonymous_1)
FNDA:2,(anonymous_2)
FNDA:3,(anonymous_3)
FNDA:3,(anonymous_4)
FNDA:3,(anonymous_5)
DA:5,4
DA:6,4
DA:10,1
DA:14,2
DA:15,2
DA:19,3
DA:20,3
DA:21,3
DA:22,3
DA:26,3
DA:27,3
DA:30,3
DA:31,3
DA:35,3
DA:36,3
DA:39,3
LF:16
LH:16
BRF:0
BRH:0
end_of_record
TN:
SF:src\routes\index.js
FN:5,(anonymous_0)
FN:6,(anonymous_1)
FNF:2
FNH:2
FNDA:3,(anonymous_0)
FNDA:1,(anonymous_1)
DA:5,3
DA:6,3
DA:7,1
DA:10,3
LF:4
LH:4
BRF:0
BRH:0
end_of_record
TN:
SF:src\routes\reservationsRoutes.js
FNF:0
FNH:0
DA:4,3
DA:6,3
LF:2
LH:2
BRF:0
BRH:0
end_of_record
TN:
SF:src\routes\tablesRoutes.js
FNF:0
FNH:0
DA:4,3
DA:6,3
LF:2
LH:2
BRF:0
BRH:0
end_of_record
TN:
SF:src\services\reservationsService.js
FN:4,(anonymous_0)
FN:13,(anonymous_1)
FNF:2
FNH:2
FNDA:3,(anonymous_0)
FNDA:5,(anonymous_1)
DA:5,3
DA:6,3
DA:7,1
DA:9,2
DA:14,5
DA:15,5
DA:16,3
DA:19,2
DA:20,1
DA:22,4
LF:10
LH:10
BRDA:15,0,0,3
BRDA:15,0,1,2
BRF:2
BRH:2
end_of_record
TN:
SF:src\services\tablesService.js
FN:4,(anonymous_0)
FN:13,(anonymous_1)
FN:26,(anonymous_2)
FN:45,(anonymous_3)
FN:59,(anonymous_4)
FNF:5
FNH:5
FNDA:3,(anonymous_0)
FNDA:5,(anonymous_1)
FNDA:11,(anonymous_2)
FNDA:6,(anonymous_3)
FNDA:6,(anonymous_4)
DA:5,3
DA:6,3
DA:7,1
DA:9,2
DA:14,5
DA:15,5
DA:16,3
DA:19,2
DA:20,1
DA:22,4
DA:27,11
DA:28,11
DA:29,2
DA:30,9
DA:31,2
DA:32,7
DA:33,4
DA:36,3
DA:37,3
DA:39,2
DA:41,9
DA:46,6
DA:47,6
DA:48,2
DA:51,4
DA:53,2
DA:55,4
DA:60,6
DA:61,6
DA:62,2
DA:65,4
DA:67,2
DA:69,4
LF:33
LH:33
BRDA:15,0,0,3
BRDA:15,0,1,2
BRDA:28,1,0,2
BRDA:28,1,1,9
BRDA:30,2,0,2
BRDA:30,2,1,7
BRDA:32,3,0,4
BRDA:32,3,1,3
BRDA:32,4,0,7
BRDA:32,4,1,5
BRDA:47,5,0,2
BRDA:47,5,1,4
BRDA:61,6,0,2
BRDA:61,6,1,4
BRF:14
BRH:14
end_of_record
